<?xml version="1.0" encoding="UTF-8"?>
<testng-results ignored="0" total="1" passed="1" failed="0" skipped="0">
  <reporter-output>
  </reporter-output>
  <suite started-at="2022-11-14T15:47:33 IST" name="Default suite" finished-at="2022-11-14T15:47:34 IST" duration-ms="1333">
    <groups>
    </groups>
    <test started-at="2022-11-14T15:47:33 IST" name="Default test" finished-at="2022-11-14T15:47:34 IST" duration-ms="1333">
      <class name="FunctionalTesting.Post_Req_AnotherWay">
        <test-method signature="postAuto()[pri:0, instance:FunctionalTesting.Post_Req_AnotherWay@14555e0a]" started-at="2022-11-14T15:47:33 IST" name="postAuto" finished-at="2022-11-14T15:47:34 IST" duration-ms="1311" status="PASS">
          <reporter-output>
          </reporter-output>
        </test-method> <!-- postAuto -->
      </class> <!-- FunctionalTesting.Post_Req_AnotherWay -->
    </test> <!-- Default test -->
  </suite> <!-- Default suite -->
</testng-results>
